<?xml version="1.0" encoding="UTF-8"?>
<testng-results skipped="0" failed="0" total="1" passed="1">
  <reporter-output>
  </reporter-output>
  <suite name="Default suite" duration-ms="1665" started-at="2016-02-16T13:52:03Z" finished-at="2016-02-16T13:52:04Z">
    <groups>
    </groups>
    <test name="Default test" duration-ms="1665" started-at="2016-02-16T13:52:03Z" finished-at="2016-02-16T13:52:04Z">
      <class name="JacksonAPItest.APItest">
        <test-method status="PASS" signature="testAPIAttributes()[pri:0, instance:JacksonAPItest.APItest@28f67ac7]" name="testAPIAttributes" duration-ms="1629" started-at="2016-02-16T14:52:03Z" finished-at="2016-02-16T14:52:04Z">
          <reporter-output>
          </reporter-output>
        </test-method> <!-- testAPIAttributes -->
      </class> <!-- JacksonAPItest.APItest -->
    </test> <!-- Default test -->
  </suite> <!-- Default suite -->
</testng-results>
